#-----------------------------------------------------------
# Vivado v2018.3 (64-bit)
# SW Build 2405991 on Thu Dec  6 23:38:27 MST 2018
# IP Build 2404404 on Fri Dec  7 01:43:56 MST 2018
# Start of session at: Wed May  8 12:24:43 2024
# Process ID: 24368
# Current directory: D:/LAB/lab1/lab01
# Command line: vivado.exe -gui_launcher_event rodinguilauncherevent7956 D:\LAB\lab1\lab01\lab01.xpr
# Log file: D:/LAB/lab1/lab01/vivado.log
# Journal file: D:/LAB/lab1/lab01\vivado.jou
#-----------------------------------------------------------
start_gui
open_project D:/LAB/lab1/lab01/lab01.xpr
Scanning sources...
Finished scanning sources
INFO: [IP_Flow 19-234] Refreshing IP repositories
INFO: [IP_Flow 19-1704] No user IP repositories specified
INFO: [IP_Flow 19-2313] Loaded Vivado IP repository 'D:/Software/Vivado/Vivado/2018.3/data/ip'.
update_compile_order -fileset sources_1
exit
INFO: [Common 17-206] Exiting Vivado at Wed May  8 12:26:04 2024...
