#-----------------------------------------------------------
# Vivado v2018.3 (64-bit)
# SW Build 2405991 on Thu Dec  6 23:38:27 MST 2018
# IP Build 2404404 on Fri Dec  7 01:43:56 MST 2018
# Start of session at: Wed May  8 08:03:27 2024
# Process ID: 20072
# Current directory: D:/LAB/lab1/lab01
# Command line: vivado.exe -gui_launcher_event rodinguilauncherevent13572 D:\LAB\lab1\lab01\lab01.xpr
# Log file: D:/LAB/lab1/lab01/vivado.log
# Journal file: D:/LAB/lab1/lab01\vivado.jou
#-----------------------------------------------------------
start_gui
open_project D:/LAB/lab1/lab01/lab01.xpr
INFO: [Project 1-313] Project file moved from 'D:/lab1/lab01' since last save.
Scanning sources...
Finished scanning sources
INFO: [IP_Flow 19-234] Refreshing IP repositories
INFO: [IP_Flow 19-1704] No user IP repositories specified
INFO: [IP_Flow 19-2313] Loaded Vivado IP repository 'D:/Software/Vivado/Vivado/2018.3/data/ip'.
update_compile_order -fileset sources_1
launch_simulation
INFO: [Vivado 12-5682] Launching behavioral simulation in 'D:/LAB/lab1/lab01/lab01.sim/sim_1/behav/xsim'
INFO: [SIM-utils-51] Simulation object is 'sim_1'
INFO: [SIM-utils-54] Inspecting design source files for 'flowing_light_tb' in fileset 'sim_1'...
INFO: [USF-XSim-97] Finding global include files...
INFO: [USF-XSim-98] Fetching design files from 'sim_1'...
INFO: [USF-XSim-2] XSim::Compile design
INFO: [USF-XSim-61] Executing 'COMPILE and ANALYZE' step in 'D:/LAB/lab1/lab01/lab01.sim/sim_1/behav/xsim'
"xvlog --incr --relax -prj flowing_light_tb_vlog.prj"
INFO: [VRFC 10-2263] Analyzing Verilog file "D:/LAB/lab1/lab01/lab01.srcs/sources_1/new/flowing_light.v" into library xil_defaultlib
INFO: [VRFC 10-311] analyzing module flowing_light
INFO: [VRFC 10-2263] Analyzing Verilog file "D:/LAB/lab1/lab01/lab01.srcs/sim_1/new/flowing_light_tb.v" into library xil_defaultlib
INFO: [VRFC 10-311] analyzing module flowing_light_tb
INFO: [VRFC 10-2263] Analyzing Verilog file "D:/LAB/lab1/lab01/lab01.sim/sim_1/behav/xsim/glbl.v" into library xil_defaultlib
INFO: [VRFC 10-311] analyzing module glbl
INFO: [USF-XSim-69] 'compile' step finished in '1' seconds
INFO: [USF-XSim-3] XSim::Elaborate design
INFO: [USF-XSim-61] Executing 'ELABORATE' step in 'D:/LAB/lab1/lab01/lab01.sim/sim_1/behav/xsim'
Vivado Simulator 2018.3
Copyright 1986-1999, 2001-2018 Xilinx, Inc. All Rights Reserved.
Running: D:/Software/Vivado/Vivado/2018.3/bin/unwrapped/win64.o/xelab.exe -wto 9027a9874a0145eba097e45d7824b2b3 --incr --debug typical --relax --mt 2 -L xil_defaultlib -L unisims_ver -L unimacro_ver -L secureip --snapshot flowing_light_tb_behav xil_defaultlib.flowing_light_tb xil_defaultlib.glbl -log elaborate.log 
Using 2 slave threads.
Starting static elaboration
Completed static elaboration
Starting simulation data flow analysis
WARNING: [XSIM 43-4100] "D:/LAB/lab1/lab01/lab01.sim/sim_1/behav/xsim/glbl.v" Line 6. Module glbl has a timescale but at least one module in design doesn't have timescale.
Completed simulation data flow analysis
Time Resolution for simulation is 1ps
Compiling module xil_defaultlib.flowing_light
Compiling module xil_defaultlib.flowing_light_tb
Compiling module xil_defaultlib.glbl
Built simulation snapshot flowing_light_tb_behav

****** Webtalk v2018.3 (64-bit)
  **** SW Build 2405991 on Thu Dec  6 23:38:27 MST 2018
  **** IP Build 2404404 on Fri Dec  7 01:43:56 MST 2018
    ** Copyright 1986-2018 Xilinx, Inc. All Rights Reserved.

source D:/LAB/lab1/lab01/lab01.sim/sim_1/behav/xsim/xsim.dir/flowing_light_tb_behav/webtalk/xsim_webtalk.tcl -notrace
INFO: [Common 17-206] Exiting Webtalk at Wed May  8 08:03:55 2024...
INFO: [USF-XSim-69] 'elaborate' step finished in '4' seconds
INFO: [USF-XSim-4] XSim::Simulate design
INFO: [USF-XSim-61] Executing 'SIMULATE' step in 'D:/LAB/lab1/lab01/lab01.sim/sim_1/behav/xsim'
INFO: [USF-XSim-98] *** Running xsim
   with args "flowing_light_tb_behav -key {Behavioral:sim_1:Functional:flowing_light_tb} -tclbatch {flowing_light_tb.tcl} -log {simulate.log}"
INFO: [USF-XSim-8] Loading simulator feature
Vivado Simulator 2018.3
Time resolution is 1 ps
source flowing_light_tb.tcl
# set curr_wave [current_wave_config]
# if { [string length $curr_wave] == 0 } {
#   if { [llength [get_objects]] > 0} {
#     add_wave /
#     set_property needs_save false [current_wave_config]
#   } else {
#      send_msg_id Add_Wave-1 WARNING "No top level signals found. Simulator will start without a wave window. If you want to open a wave window go to 'File->New Waveform Configuration' or type 'create_wave_config' in the TCL console."
#   }
# }
# run 1000ns
INFO: [USF-XSim-96] XSim completed. Design snapshot 'flowing_light_tb_behav' loaded.
INFO: [USF-XSim-97] XSim simulation ran for 1000ns
launch_simulation: Time (s): cpu = 00:00:06 ; elapsed = 00:00:07 . Memory (MB): peak = 776.805 ; gain = 29.762
run all
run: Time (s): cpu = 00:00:09 ; elapsed = 00:00:07 . Memory (MB): peak = 776.805 ; gain = 0.000
relaunch_sim
INFO: [Vivado 12-5682] Launching behavioral simulation in 'D:/LAB/lab1/lab01/lab01.sim/sim_1/behav/xsim'
INFO: [SIM-utils-51] Simulation object is 'sim_1'
INFO: [SIM-utils-54] Inspecting design source files for 'flowing_light_tb' in fileset 'sim_1'...
INFO: [USF-XSim-97] Finding global include files...
INFO: [USF-XSim-98] Fetching design files from 'sim_1'...
INFO: [USF-XSim-2] XSim::Compile design
INFO: [USF-XSim-61] Executing 'COMPILE and ANALYZE' step in 'D:/LAB/lab1/lab01/lab01.sim/sim_1/behav/xsim'
"xvlog --incr --relax -prj flowing_light_tb_vlog.prj"
INFO: [USF-XSim-69] 'compile' step finished in '1' seconds
INFO: [Vivado 12-5682] Launching behavioral simulation in 'D:/LAB/lab1/lab01/lab01.sim/sim_1/behav/xsim'
INFO: [USF-XSim-3] XSim::Elaborate design
INFO: [USF-XSim-61] Executing 'ELABORATE' step in 'D:/LAB/lab1/lab01/lab01.sim/sim_1/behav/xsim'
Vivado Simulator 2018.3
Copyright 1986-1999, 2001-2018 Xilinx, Inc. All Rights Reserved.
Running: D:/Software/Vivado/Vivado/2018.3/bin/unwrapped/win64.o/xelab.exe -wto 9027a9874a0145eba097e45d7824b2b3 --incr --debug typical --relax --mt 2 -L xil_defaultlib -L unisims_ver -L unimacro_ver -L secureip --snapshot flowing_light_tb_behav xil_defaultlib.flowing_light_tb xil_defaultlib.glbl -log elaborate.log 
Using 2 slave threads.
Starting static elaboration
Completed static elaboration
INFO: [XSIM 43-4323] No Change in HDL. Linking previously generated obj files to create kernel
INFO: [USF-XSim-69] 'elaborate' step finished in '1' seconds
Vivado Simulator 2018.3
Time resolution is 1 ps
relaunch_sim: Time (s): cpu = 00:00:01 ; elapsed = 00:00:06 . Memory (MB): peak = 776.805 ; gain = 0.000
run 10 us
step
Stopped at time : 11020 ns : File "D:/LAB/lab1/lab01/lab01.srcs/sim_1/new/flowing_light_tb.v" Line 39
step
Stopped at time : 11020 ns : File "D:/LAB/lab1/lab01/lab01.srcs/sim_1/new/flowing_light_tb.v" Line 39
step
Stopped at time : 11020 ns : File "D:/LAB/lab1/lab01/lab01.srcs/sources_1/new/flowing_light.v" Line 41
relaunch_sim
INFO: [Vivado 12-5682] Launching behavioral simulation in 'D:/LAB/lab1/lab01/lab01.sim/sim_1/behav/xsim'
INFO: [SIM-utils-51] Simulation object is 'sim_1'
INFO: [SIM-utils-54] Inspecting design source files for 'flowing_light_tb' in fileset 'sim_1'...
INFO: [USF-XSim-97] Finding global include files...
INFO: [USF-XSim-98] Fetching design files from 'sim_1'...
INFO: [USF-XSim-2] XSim::Compile design
INFO: [USF-XSim-61] Executing 'COMPILE and ANALYZE' step in 'D:/LAB/lab1/lab01/lab01.sim/sim_1/behav/xsim'
"xvlog --incr --relax -prj flowing_light_tb_vlog.prj"
INFO: [USF-XSim-69] 'compile' step finished in '1' seconds
INFO: [Vivado 12-5682] Launching behavioral simulation in 'D:/LAB/lab1/lab01/lab01.sim/sim_1/behav/xsim'
INFO: [USF-XSim-3] XSim::Elaborate design
INFO: [USF-XSim-61] Executing 'ELABORATE' step in 'D:/LAB/lab1/lab01/lab01.sim/sim_1/behav/xsim'
Vivado Simulator 2018.3
Copyright 1986-1999, 2001-2018 Xilinx, Inc. All Rights Reserved.
Running: D:/Software/Vivado/Vivado/2018.3/bin/unwrapped/win64.o/xelab.exe -wto 9027a9874a0145eba097e45d7824b2b3 --incr --debug typical --relax --mt 2 -L xil_defaultlib -L unisims_ver -L unimacro_ver -L secureip --snapshot flowing_light_tb_behav xil_defaultlib.flowing_light_tb xil_defaultlib.glbl -log elaborate.log 
Using 2 slave threads.
Starting static elaboration
Completed static elaboration
INFO: [XSIM 43-4323] No Change in HDL. Linking previously generated obj files to create kernel
INFO: [USF-XSim-69] 'elaborate' step finished in '1' seconds
Vivado Simulator 2018.3
Time resolution is 1 ps
run 100 ns
current_wave_config {Untitled 1}
Untitled 1
add_wave {{/flowing_light_tb/u0/cnt_reg}} 
relaunch_sim
INFO: [Vivado 12-5682] Launching behavioral simulation in 'D:/LAB/lab1/lab01/lab01.sim/sim_1/behav/xsim'
INFO: [SIM-utils-51] Simulation object is 'sim_1'
INFO: [SIM-utils-54] Inspecting design source files for 'flowing_light_tb' in fileset 'sim_1'...
INFO: [USF-XSim-97] Finding global include files...
INFO: [USF-XSim-98] Fetching design files from 'sim_1'...
INFO: [USF-XSim-2] XSim::Compile design
INFO: [USF-XSim-61] Executing 'COMPILE and ANALYZE' step in 'D:/LAB/lab1/lab01/lab01.sim/sim_1/behav/xsim'
"xvlog --incr --relax -prj flowing_light_tb_vlog.prj"
INFO: [USF-XSim-69] 'compile' step finished in '1' seconds
INFO: [Vivado 12-5682] Launching behavioral simulation in 'D:/LAB/lab1/lab01/lab01.sim/sim_1/behav/xsim'
INFO: [USF-XSim-3] XSim::Elaborate design
INFO: [USF-XSim-61] Executing 'ELABORATE' step in 'D:/LAB/lab1/lab01/lab01.sim/sim_1/behav/xsim'
Vivado Simulator 2018.3
Copyright 1986-1999, 2001-2018 Xilinx, Inc. All Rights Reserved.
Running: D:/Software/Vivado/Vivado/2018.3/bin/unwrapped/win64.o/xelab.exe -wto 9027a9874a0145eba097e45d7824b2b3 --incr --debug typical --relax --mt 2 -L xil_defaultlib -L unisims_ver -L unimacro_ver -L secureip --snapshot flowing_light_tb_behav xil_defaultlib.flowing_light_tb xil_defaultlib.glbl -log elaborate.log 
Using 2 slave threads.
Starting static elaboration
Completed static elaboration
INFO: [XSIM 43-4323] No Change in HDL. Linking previously generated obj files to create kernel
INFO: [USF-XSim-69] 'elaborate' step finished in '1' seconds
Vivado Simulator 2018.3
Time resolution is 1 ps
launch_runs impl_1 -to_step write_bitstream -jobs 4
[Wed May  8 08:15:58 2024] Launched synth_1...
Run output will be captured here: D:/LAB/lab1/lab01/lab01.runs/synth_1/runme.log
[Wed May  8 08:15:58 2024] Launched impl_1...
Run output will be captured here: D:/LAB/lab1/lab01/lab01.runs/impl_1/runme.log
save_wave_config {D:/LAB/lab1/lab01/flowing_light_tb_behav1.wcfg}
close_sim
INFO: [Simtcl 6-16] Simulation closed
open_hw
connect_hw_server
INFO: [Labtools 27-2285] Connecting to hw_server url TCP:localhost:3121
INFO: [Labtools 27-2222] Launching hw_server...
INFO: [Labtools 27-2221] Launch Output:

****** Xilinx hw_server v2018.3
  **** Build date : Dec  7 2018-00:40:27
    ** Copyright 1986-2018 Xilinx, Inc. All Rights Reserved.


open_hw_target
INFO: [Labtoolstcl 44-466] Opening hw_target localhost:3121/xilinx_tcf/Digilent/201706300081
set_property PROGRAM.FILE {D:/LAB/lab1/lab01/lab01.runs/impl_1/flowing_light.bit} [get_hw_devices xc7k325t_0]
current_hw_device [get_hw_devices xc7k325t_0]
refresh_hw_device -update_hw_probes false [lindex [get_hw_devices xc7k325t_0] 0]
INFO: [Labtools 27-1434] Device xc7k325t (JTAG device index = 0) is programmed with a design that has no supported debug core(s) in it.
set_property PROBES.FILE {} [get_hw_devices xc7k325t_0]
set_property FULL_PROBES.FILE {} [get_hw_devices xc7k325t_0]
set_property PROGRAM.FILE {D:/LAB/lab1/lab01/lab01.runs/impl_1/flowing_light.bit} [get_hw_devices xc7k325t_0]
program_hw_devices [get_hw_devices xc7k325t_0]
INFO: [Labtools 27-3164] End of startup status: HIGH
program_hw_devices: Time (s): cpu = 00:00:10 ; elapsed = 00:00:10 . Memory (MB): peak = 1779.977 ; gain = 0.000
refresh_hw_device [lindex [get_hw_devices xc7k325t_0] 0]
INFO: [Labtools 27-1434] Device xc7k325t (JTAG device index = 0) is programmed with a design that has no supported debug core(s) in it.
exit
INFO: [Common 17-206] Exiting Vivado at Wed May  8 08:26:25 2024...
