#-----------------------------------------------------------
# Vivado v2018.3 (64-bit)
# SW Build 2405991 on Thu Dec  6 23:38:27 MST 2018
# IP Build 2404404 on Fri Dec  7 01:43:56 MST 2018
# Start of session at: Mon May  6 22:38:20 2024
# Process ID: 31680
# Current directory: D:/LAB/lab1/lab01
# Command line: vivado.exe -gui_launcher_event rodinguilauncherevent3284 D:\LAB\lab1\lab01\lab01.xpr
# Log file: D:/LAB/lab1/lab01/vivado.log
# Journal file: D:/LAB/lab1/lab01\vivado.jou
#-----------------------------------------------------------
start_gui
open_project D:/LAB/lab1/lab01/lab01.xpr
INFO: [Project 1-313] Project file moved from 'D:/lab1/lab01' since last save.
Scanning sources...
Finished scanning sources
INFO: [IP_Flow 19-234] Refreshing IP repositories
INFO: [IP_Flow 19-1704] No user IP repositories specified
INFO: [IP_Flow 19-2313] Loaded Vivado IP repository 'D:/Software/Vivado/Vivado/2018.3/data/ip'.
update_compile_order -fileset sources_1
exit
INFO: [Common 17-206] Exiting Vivado at Mon May  6 22:38:46 2024...
