INFO: [VRFC 10-2263] Analyzing Verilog file "D:/LAB/LAB06-refer/LAB06-refer/LAB06-refer.srcs/sources_1/imports/sources_1/imports/new/ALU.v" into library xil_defaultlib
INFO: [VRFC 10-311] analyzing module ALU
INFO: [VRFC 10-2263] Analyzing Verilog file "D:/LAB/LAB06-refer/LAB06-refer/LAB06-refer.srcs/sources_1/imports/sources_1/imports/new/ALUctr.v" into library xil_defaultlib
INFO: [VRFC 10-311] analyzing module ALUctr
INFO: [VRFC 10-2263] Analyzing Verilog file "D:/LAB/LAB06-refer/LAB06-refer/LAB06-refer.srcs/sources_1/imports/sources_1/imports/new/Ctr.v" into library xil_defaultlib
INFO: [VRFC 10-311] analyzing module Ctr
INFO: [VRFC 10-2263] Analyzing Verilog file "D:/LAB/LAB06-refer/LAB06-refer/LAB06-refer.srcs/sources_1/imports/sources_1/imports/new/DataMemory.v" into library xil_defaultlib
INFO: [VRFC 10-311] analyzing module DataMemory
INFO: [VRFC 10-2263] Analyzing Verilog file "D:/LAB/LAB06-refer/LAB06-refer/LAB06-refer.srcs/sources_1/imports/sources_1/new/Ext.v" into library xil_defaultlib
INFO: [VRFC 10-311] analyzing module Ext
INFO: [VRFC 10-2263] Analyzing Verilog file "D:/LAB/LAB06-refer/LAB06-refer/LAB06-refer.srcs/sources_1/imports/sources_1/new/PC.v" into library xil_defaultlib
INFO: [VRFC 10-311] analyzing module PC
INFO: [VRFC 10-2263] Analyzing Verilog file "D:/LAB/LAB06-refer/LAB06-refer/LAB06-refer.srcs/sources_1/imports/sources_1/new/PCupdate.v" into library xil_defaultlib
INFO: [VRFC 10-311] analyzing module PCupdate
INFO: [VRFC 10-2263] Analyzing Verilog file "D:/LAB/LAB06-refer/LAB06-refer/LAB06-refer.srcs/sources_1/imports/sources_1/imports/new/Registers.v" into library xil_defaultlib
INFO: [VRFC 10-311] analyzing module Registers
INFO: [VRFC 10-2263] Analyzing Verilog file "D:/LAB/LAB06-refer/LAB06-refer/LAB06-refer.srcs/sources_1/imports/sources_1/imports/new/SignExt.v" into library xil_defaultlib
INFO: [VRFC 10-311] analyzing module SignExt
INFO: [VRFC 10-2263] Analyzing Verilog file "D:/LAB/LAB06-refer/LAB06-refer/LAB06-refer.srcs/sources_1/imports/sources_1/new/TOP.v" into library xil_defaultlib
INFO: [VRFC 10-311] analyzing module TOP
INFO: [VRFC 10-2263] Analyzing Verilog file "D:/LAB/LAB06-refer/LAB06-refer/LAB06-refer.srcs/sources_1/imports/sources_1/new/ZeroExt.v" into library xil_defaultlib
INFO: [VRFC 10-311] analyzing module ZeroExt
INFO: [VRFC 10-2263] Analyzing Verilog file "D:/LAB/LAB06-refer/LAB06-refer/LAB06-refer.srcs/sources_1/new/execution.v" into library xil_defaultlib
INFO: [VRFC 10-311] analyzing module execution
INFO: [VRFC 10-2263] Analyzing Verilog file "D:/LAB/LAB06-refer/LAB06-refer/LAB06-refer.srcs/sources_1/new/instrDecode.v" into library xil_defaultlib
INFO: [VRFC 10-311] analyzing module instrDecode
INFO: [VRFC 10-2263] Analyzing Verilog file "D:/LAB/LAB06-refer/LAB06-refer/LAB06-refer.srcs/sources_1/new/instrFetch.v" into library xil_defaultlib
INFO: [VRFC 10-311] analyzing module instrFetch
INFO: [VRFC 10-2263] Analyzing Verilog file "D:/LAB/LAB06-refer/LAB06-refer/LAB06-refer.srcs/sources_1/imports/sources_1/new/instrMem.v" into library xil_defaultlib
INFO: [VRFC 10-311] analyzing module instrMem
INFO: [VRFC 10-2263] Analyzing Verilog file "D:/LAB/LAB06-refer/LAB06-refer/LAB06-refer.srcs/sim_1/imports/new/CPU_tb.v" into library xil_defaultlib
INFO: [VRFC 10-311] analyzing module CPU_tb
