#-----------------------------------------------------------
# Vivado v2018.3 (64-bit)
# SW Build 2405991 on Thu Dec  6 23:38:27 MST 2018
# IP Build 2404404 on Fri Dec  7 01:43:56 MST 2018
# Start of session at: Wed May  8 09:58:53 2024
# Process ID: 8500
# Current directory: D:/LAB/lab3/lab03
# Command line: vivado.exe -gui_launcher_event rodinguilauncherevent8960 D:\LAB\lab3\lab03\lab03.xpr
# Log file: D:/LAB/lab3/lab03/vivado.log
# Journal file: D:/LAB/lab3/lab03\vivado.jou
#-----------------------------------------------------------
start_gui
open_project D:/LAB/lab3/lab03/lab03.xpr
Scanning sources...
Finished scanning sources
INFO: [IP_Flow 19-234] Refreshing IP repositories
INFO: [IP_Flow 19-1704] No user IP repositories specified
INFO: [IP_Flow 19-2313] Loaded Vivado IP repository 'D:/Software/Vivado/Vivado/2018.3/data/ip'.
update_compile_order -fileset sources_1
launch_simulation
INFO: [Vivado 12-5682] Launching behavioral simulation in 'D:/LAB/lab3/lab03/lab03.sim/sim_1/behav/xsim'
INFO: [SIM-utils-51] Simulation object is 'sim_1'
INFO: [SIM-utils-54] Inspecting design source files for 'Ctr_tb' in fileset 'sim_1'...
INFO: [USF-XSim-97] Finding global include files...
INFO: [USF-XSim-98] Fetching design files from 'sim_1'...
INFO: [USF-XSim-2] XSim::Compile design
INFO: [USF-XSim-61] Executing 'COMPILE and ANALYZE' step in 'D:/LAB/lab3/lab03/lab03.sim/sim_1/behav/xsim'
"xvlog --incr --relax -prj Ctr_tb_vlog.prj"
INFO: [USF-XSim-69] 'compile' step finished in '1' seconds
INFO: [USF-XSim-3] XSim::Elaborate design
INFO: [USF-XSim-61] Executing 'ELABORATE' step in 'D:/LAB/lab3/lab03/lab03.sim/sim_1/behav/xsim'
Vivado Simulator 2018.3
Copyright 1986-1999, 2001-2018 Xilinx, Inc. All Rights Reserved.
Running: D:/Software/Vivado/Vivado/2018.3/bin/unwrapped/win64.o/xelab.exe -wto 2e678429bda346a38e37d89bb205de43 --incr --debug typical --relax --mt 2 -L xil_defaultlib -L unisims_ver -L unimacro_ver -L secureip --snapshot Ctr_tb_behav xil_defaultlib.Ctr_tb xil_defaultlib.glbl -log elaborate.log 
Using 2 slave threads.
Starting static elaboration
Completed static elaboration
INFO: [XSIM 43-4323] No Change in HDL. Linking previously generated obj files to create kernel
INFO: [USF-XSim-69] 'elaborate' step finished in '1' seconds
INFO: [USF-XSim-4] XSim::Simulate design
INFO: [USF-XSim-61] Executing 'SIMULATE' step in 'D:/LAB/lab3/lab03/lab03.sim/sim_1/behav/xsim'
INFO: [USF-XSim-98] *** Running xsim
   with args "Ctr_tb_behav -key {Behavioral:sim_1:Functional:Ctr_tb} -tclbatch {Ctr_tb.tcl} -view {D:/LAB/lab3/lab03/Ctr_tb_behav.wcfg} -log {simulate.log}"
INFO: [USF-XSim-8] Loading simulator feature
Vivado Simulator 2018.3
Time resolution is 1 ps
open_wave_config D:/LAB/lab3/lab03/Ctr_tb_behav.wcfg
source Ctr_tb.tcl
# set curr_wave [current_wave_config]
# if { [string length $curr_wave] == 0 } {
#   if { [llength [get_objects]] > 0} {
#     add_wave /
#     set_property needs_save false [current_wave_config]
#   } else {
#      send_msg_id Add_Wave-1 WARNING "No top level signals found. Simulator will start without a wave window. If you want to open a wave window go to 'File->New Waveform Configuration' or type 'create_wave_config' in the TCL console."
#   }
# }
# run 1000ns
INFO: [USF-XSim-96] XSim completed. Design snapshot 'Ctr_tb_behav' loaded.
INFO: [USF-XSim-97] XSim simulation ran for 1000ns
relaunch_sim
INFO: [Vivado 12-5682] Launching behavioral simulation in 'D:/LAB/lab3/lab03/lab03.sim/sim_1/behav/xsim'
INFO: [SIM-utils-51] Simulation object is 'sim_1'
INFO: [SIM-utils-54] Inspecting design source files for 'Ctr_tb' in fileset 'sim_1'...
INFO: [USF-XSim-97] Finding global include files...
INFO: [USF-XSim-98] Fetching design files from 'sim_1'...
INFO: [USF-XSim-2] XSim::Compile design
INFO: [USF-XSim-61] Executing 'COMPILE and ANALYZE' step in 'D:/LAB/lab3/lab03/lab03.sim/sim_1/behav/xsim'
"xvlog --incr --relax -prj Ctr_tb_vlog.prj"
INFO: [VRFC 10-2263] Analyzing Verilog file "D:/LAB/lab3/lab03/lab03.srcs/sources_1/new/Ctr.v" into library xil_defaultlib
INFO: [VRFC 10-311] analyzing module Ctr
INFO: [VRFC 10-2263] Analyzing Verilog file "D:/LAB/lab3/lab03/lab03.srcs/sim_1/new/Ctr_tb.v" into library xil_defaultlib
INFO: [VRFC 10-311] analyzing module Ctr_tb
INFO: [USF-XSim-69] 'compile' step finished in '1' seconds
INFO: [Vivado 12-5682] Launching behavioral simulation in 'D:/LAB/lab3/lab03/lab03.sim/sim_1/behav/xsim'
INFO: [USF-XSim-3] XSim::Elaborate design
INFO: [USF-XSim-61] Executing 'ELABORATE' step in 'D:/LAB/lab3/lab03/lab03.sim/sim_1/behav/xsim'
Vivado Simulator 2018.3
Copyright 1986-1999, 2001-2018 Xilinx, Inc. All Rights Reserved.
Running: D:/Software/Vivado/Vivado/2018.3/bin/unwrapped/win64.o/xelab.exe -wto 2e678429bda346a38e37d89bb205de43 --incr --debug typical --relax --mt 2 -L xil_defaultlib -L unisims_ver -L unimacro_ver -L secureip --snapshot Ctr_tb_behav xil_defaultlib.Ctr_tb xil_defaultlib.glbl -log elaborate.log 
Using 2 slave threads.
Starting static elaboration
ERROR: [VRFC 10-3236] concurrent assignment to a non-net 'RegDst' is not permitted [D:/LAB/lab3/lab03/lab03.srcs/sim_1/new/Ctr_tb.v:51]
ERROR: [VRFC 10-3236] concurrent assignment to a non-net 'AluSrc' is not permitted [D:/LAB/lab3/lab03/lab03.srcs/sim_1/new/Ctr_tb.v:52]
ERROR: [VRFC 10-3236] concurrent assignment to a non-net 'MemToReg' is not permitted [D:/LAB/lab3/lab03/lab03.srcs/sim_1/new/Ctr_tb.v:53]
ERROR: [VRFC 10-3236] concurrent assignment to a non-net 'RegWrite' is not permitted [D:/LAB/lab3/lab03/lab03.srcs/sim_1/new/Ctr_tb.v:54]
ERROR: [VRFC 10-3236] concurrent assignment to a non-net 'MemRead' is not permitted [D:/LAB/lab3/lab03/lab03.srcs/sim_1/new/Ctr_tb.v:55]
ERROR: [VRFC 10-3236] concurrent assignment to a non-net 'MemWrite' is not permitted [D:/LAB/lab3/lab03/lab03.srcs/sim_1/new/Ctr_tb.v:56]
ERROR: [VRFC 10-3236] concurrent assignment to a non-net 'Branch' is not permitted [D:/LAB/lab3/lab03/lab03.srcs/sim_1/new/Ctr_tb.v:57]
ERROR: [VRFC 10-3236] concurrent assignment to a non-net 'AluOp' is not permitted [D:/LAB/lab3/lab03/lab03.srcs/sim_1/new/Ctr_tb.v:58]
ERROR: [VRFC 10-3236] concurrent assignment to a non-net 'Jump' is not permitted [D:/LAB/lab3/lab03/lab03.srcs/sim_1/new/Ctr_tb.v:59]
ERROR: [XSIM 43-3322] Static elaboration of top level Verilog design unit(s) in library work failed.
INFO: [USF-XSim-69] 'elaborate' step finished in '1' seconds
INFO: [USF-XSim-99] Step results log file:'D:/LAB/lab3/lab03/lab03.sim/sim_1/behav/xsim/elaborate.log'
ERROR: [USF-XSim-62] 'elaborate' step failed with error(s). Please check the Tcl console output or 'D:/LAB/lab3/lab03/lab03.sim/sim_1/behav/xsim/elaborate.log' file for more information.
ERROR: [Vivado 12-4473] Detected error while running simulation. Please correct the issue and retry this operation.
ERROR: [Common 17-39] 'launch_simulation' failed due to earlier errors.
ERROR: [Common 17-69] Command failed: ERROR: [Common 17-39] 'launch_simulation' failed due to earlier errors.

relaunch_sim
INFO: [Vivado 12-5682] Launching behavioral simulation in 'D:/LAB/lab3/lab03/lab03.sim/sim_1/behav/xsim'
INFO: [SIM-utils-51] Simulation object is 'sim_1'
INFO: [SIM-utils-54] Inspecting design source files for 'Ctr_tb' in fileset 'sim_1'...
INFO: [USF-XSim-97] Finding global include files...
INFO: [USF-XSim-98] Fetching design files from 'sim_1'...
INFO: [USF-XSim-2] XSim::Compile design
INFO: [USF-XSim-61] Executing 'COMPILE and ANALYZE' step in 'D:/LAB/lab3/lab03/lab03.sim/sim_1/behav/xsim'
"xvlog --incr --relax -prj Ctr_tb_vlog.prj"
INFO: [VRFC 10-2263] Analyzing Verilog file "D:/LAB/lab3/lab03/lab03.srcs/sources_1/new/Ctr.v" into library xil_defaultlib
INFO: [VRFC 10-311] analyzing module Ctr
INFO: [VRFC 10-2263] Analyzing Verilog file "D:/LAB/lab3/lab03/lab03.srcs/sim_1/new/Ctr_tb.v" into library xil_defaultlib
INFO: [VRFC 10-311] analyzing module Ctr_tb
INFO: [USF-XSim-69] 'compile' step finished in '1' seconds
INFO: [Vivado 12-5682] Launching behavioral simulation in 'D:/LAB/lab3/lab03/lab03.sim/sim_1/behav/xsim'
INFO: [USF-XSim-3] XSim::Elaborate design
INFO: [USF-XSim-61] Executing 'ELABORATE' step in 'D:/LAB/lab3/lab03/lab03.sim/sim_1/behav/xsim'
Vivado Simulator 2018.3
Copyright 1986-1999, 2001-2018 Xilinx, Inc. All Rights Reserved.
Running: D:/Software/Vivado/Vivado/2018.3/bin/unwrapped/win64.o/xelab.exe -wto 2e678429bda346a38e37d89bb205de43 --incr --debug typical --relax --mt 2 -L xil_defaultlib -L unisims_ver -L unimacro_ver -L secureip --snapshot Ctr_tb_behav xil_defaultlib.Ctr_tb xil_defaultlib.glbl -log elaborate.log 
Using 2 slave threads.
Starting static elaboration
ERROR: [VRFC 10-3236] concurrent assignment to a non-net 'RegDst' is not permitted [D:/LAB/lab3/lab03/lab03.srcs/sim_1/new/Ctr_tb.v:60]
ERROR: [VRFC 10-3236] concurrent assignment to a non-net 'AluSrc' is not permitted [D:/LAB/lab3/lab03/lab03.srcs/sim_1/new/Ctr_tb.v:61]
ERROR: [VRFC 10-3236] concurrent assignment to a non-net 'MemToReg' is not permitted [D:/LAB/lab3/lab03/lab03.srcs/sim_1/new/Ctr_tb.v:62]
ERROR: [VRFC 10-3236] concurrent assignment to a non-net 'RegWrite' is not permitted [D:/LAB/lab3/lab03/lab03.srcs/sim_1/new/Ctr_tb.v:63]
ERROR: [VRFC 10-3236] concurrent assignment to a non-net 'MemRead' is not permitted [D:/LAB/lab3/lab03/lab03.srcs/sim_1/new/Ctr_tb.v:64]
ERROR: [VRFC 10-3236] concurrent assignment to a non-net 'MemWrite' is not permitted [D:/LAB/lab3/lab03/lab03.srcs/sim_1/new/Ctr_tb.v:65]
ERROR: [VRFC 10-3236] concurrent assignment to a non-net 'Branch' is not permitted [D:/LAB/lab3/lab03/lab03.srcs/sim_1/new/Ctr_tb.v:66]
ERROR: [VRFC 10-3236] concurrent assignment to a non-net 'AluOp' is not permitted [D:/LAB/lab3/lab03/lab03.srcs/sim_1/new/Ctr_tb.v:67]
ERROR: [VRFC 10-3236] concurrent assignment to a non-net 'Jump' is not permitted [D:/LAB/lab3/lab03/lab03.srcs/sim_1/new/Ctr_tb.v:68]
ERROR: [XSIM 43-3322] Static elaboration of top level Verilog design unit(s) in library work failed.
INFO: [USF-XSim-69] 'elaborate' step finished in '1' seconds
INFO: [USF-XSim-99] Step results log file:'D:/LAB/lab3/lab03/lab03.sim/sim_1/behav/xsim/elaborate.log'
ERROR: [USF-XSim-62] 'elaborate' step failed with error(s). Please check the Tcl console output or 'D:/LAB/lab3/lab03/lab03.sim/sim_1/behav/xsim/elaborate.log' file for more information.
ERROR: [Vivado 12-4473] Detected error while running simulation. Please correct the issue and retry this operation.
ERROR: [Common 17-39] 'launch_simulation' failed due to earlier errors.
ERROR: [Common 17-69] Command failed: ERROR: [Common 17-39] 'launch_simulation' failed due to earlier errors.

relaunch_sim
INFO: [Vivado 12-5682] Launching behavioral simulation in 'D:/LAB/lab3/lab03/lab03.sim/sim_1/behav/xsim'
INFO: [SIM-utils-51] Simulation object is 'sim_1'
INFO: [SIM-utils-54] Inspecting design source files for 'Ctr_tb' in fileset 'sim_1'...
INFO: [USF-XSim-97] Finding global include files...
INFO: [USF-XSim-98] Fetching design files from 'sim_1'...
INFO: [USF-XSim-2] XSim::Compile design
INFO: [USF-XSim-61] Executing 'COMPILE and ANALYZE' step in 'D:/LAB/lab3/lab03/lab03.sim/sim_1/behav/xsim'
"xvlog --incr --relax -prj Ctr_tb_vlog.prj"
INFO: [VRFC 10-2263] Analyzing Verilog file "D:/LAB/lab3/lab03/lab03.srcs/sources_1/new/Ctr.v" into library xil_defaultlib
INFO: [VRFC 10-311] analyzing module Ctr
INFO: [VRFC 10-2263] Analyzing Verilog file "D:/LAB/lab3/lab03/lab03.srcs/sim_1/new/Ctr_tb.v" into library xil_defaultlib
INFO: [VRFC 10-311] analyzing module Ctr_tb
INFO: [USF-XSim-69] 'compile' step finished in '1' seconds
INFO: [Vivado 12-5682] Launching behavioral simulation in 'D:/LAB/lab3/lab03/lab03.sim/sim_1/behav/xsim'
INFO: [USF-XSim-3] XSim::Elaborate design
INFO: [USF-XSim-61] Executing 'ELABORATE' step in 'D:/LAB/lab3/lab03/lab03.sim/sim_1/behav/xsim'
Vivado Simulator 2018.3
Copyright 1986-1999, 2001-2018 Xilinx, Inc. All Rights Reserved.
Running: D:/Software/Vivado/Vivado/2018.3/bin/unwrapped/win64.o/xelab.exe -wto 2e678429bda346a38e37d89bb205de43 --incr --debug typical --relax --mt 2 -L xil_defaultlib -L unisims_ver -L unimacro_ver -L secureip --snapshot Ctr_tb_behav xil_defaultlib.Ctr_tb xil_defaultlib.glbl -log elaborate.log 
Using 2 slave threads.
Starting static elaboration
Completed static elaboration
Starting simulation data flow analysis
Completed simulation data flow analysis
Time Resolution for simulation is 1ps
Compiling module xil_defaultlib.Ctr
Compiling module xil_defaultlib.Ctr_tb
Compiling module xil_defaultlib.glbl
Built simulation snapshot Ctr_tb_behav
INFO: [USF-XSim-69] 'elaborate' step finished in '1' seconds
Vivado Simulator 2018.3
Time resolution is 1 ps
relaunch_sim
INFO: [Vivado 12-5682] Launching behavioral simulation in 'D:/LAB/lab3/lab03/lab03.sim/sim_1/behav/xsim'
INFO: [SIM-utils-51] Simulation object is 'sim_1'
INFO: [SIM-utils-54] Inspecting design source files for 'Ctr_tb' in fileset 'sim_1'...
INFO: [USF-XSim-97] Finding global include files...
INFO: [USF-XSim-98] Fetching design files from 'sim_1'...
INFO: [USF-XSim-2] XSim::Compile design
INFO: [USF-XSim-61] Executing 'COMPILE and ANALYZE' step in 'D:/LAB/lab3/lab03/lab03.sim/sim_1/behav/xsim'
"xvlog --incr --relax -prj Ctr_tb_vlog.prj"
INFO: [VRFC 10-2263] Analyzing Verilog file "D:/LAB/lab3/lab03/lab03.srcs/sources_1/new/Ctr.v" into library xil_defaultlib
INFO: [VRFC 10-311] analyzing module Ctr
INFO: [VRFC 10-2263] Analyzing Verilog file "D:/LAB/lab3/lab03/lab03.srcs/sim_1/new/Ctr_tb.v" into library xil_defaultlib
INFO: [VRFC 10-311] analyzing module Ctr_tb
INFO: [USF-XSim-69] 'compile' step finished in '1' seconds
INFO: [Vivado 12-5682] Launching behavioral simulation in 'D:/LAB/lab3/lab03/lab03.sim/sim_1/behav/xsim'
INFO: [USF-XSim-3] XSim::Elaborate design
INFO: [USF-XSim-61] Executing 'ELABORATE' step in 'D:/LAB/lab3/lab03/lab03.sim/sim_1/behav/xsim'
Vivado Simulator 2018.3
Copyright 1986-1999, 2001-2018 Xilinx, Inc. All Rights Reserved.
Running: D:/Software/Vivado/Vivado/2018.3/bin/unwrapped/win64.o/xelab.exe -wto 2e678429bda346a38e37d89bb205de43 --incr --debug typical --relax --mt 2 -L xil_defaultlib -L unisims_ver -L unimacro_ver -L secureip --snapshot Ctr_tb_behav xil_defaultlib.Ctr_tb xil_defaultlib.glbl -log elaborate.log 
Using 2 slave threads.
Starting static elaboration
Completed static elaboration
Starting simulation data flow analysis
Completed simulation data flow analysis
Time Resolution for simulation is 1ps
Compiling module xil_defaultlib.Ctr
Compiling module xil_defaultlib.Ctr_tb
Compiling module xil_defaultlib.glbl
Built simulation snapshot Ctr_tb_behav
INFO: [USF-XSim-69] 'elaborate' step finished in '1' seconds
Vivado Simulator 2018.3
Time resolution is 1 ps
relaunch_sim
INFO: [Vivado 12-5682] Launching behavioral simulation in 'D:/LAB/lab3/lab03/lab03.sim/sim_1/behav/xsim'
INFO: [SIM-utils-51] Simulation object is 'sim_1'
INFO: [SIM-utils-54] Inspecting design source files for 'Ctr_tb' in fileset 'sim_1'...
INFO: [USF-XSim-97] Finding global include files...
INFO: [USF-XSim-98] Fetching design files from 'sim_1'...
INFO: [USF-XSim-2] XSim::Compile design
INFO: [USF-XSim-61] Executing 'COMPILE and ANALYZE' step in 'D:/LAB/lab3/lab03/lab03.sim/sim_1/behav/xsim'
"xvlog --incr --relax -prj Ctr_tb_vlog.prj"
INFO: [VRFC 10-2263] Analyzing Verilog file "D:/LAB/lab3/lab03/lab03.srcs/sources_1/new/Ctr.v" into library xil_defaultlib
INFO: [VRFC 10-311] analyzing module Ctr
INFO: [VRFC 10-2263] Analyzing Verilog file "D:/LAB/lab3/lab03/lab03.srcs/sim_1/new/Ctr_tb.v" into library xil_defaultlib
INFO: [VRFC 10-311] analyzing module Ctr_tb
INFO: [USF-XSim-69] 'compile' step finished in '1' seconds
INFO: [Vivado 12-5682] Launching behavioral simulation in 'D:/LAB/lab3/lab03/lab03.sim/sim_1/behav/xsim'
INFO: [USF-XSim-3] XSim::Elaborate design
INFO: [USF-XSim-61] Executing 'ELABORATE' step in 'D:/LAB/lab3/lab03/lab03.sim/sim_1/behav/xsim'
Vivado Simulator 2018.3
Copyright 1986-1999, 2001-2018 Xilinx, Inc. All Rights Reserved.
Running: D:/Software/Vivado/Vivado/2018.3/bin/unwrapped/win64.o/xelab.exe -wto 2e678429bda346a38e37d89bb205de43 --incr --debug typical --relax --mt 2 -L xil_defaultlib -L unisims_ver -L unimacro_ver -L secureip --snapshot Ctr_tb_behav xil_defaultlib.Ctr_tb xil_defaultlib.glbl -log elaborate.log 
Using 2 slave threads.
Starting static elaboration
Completed static elaboration
Starting simulation data flow analysis
Completed simulation data flow analysis
Time Resolution for simulation is 1ps
Compiling module xil_defaultlib.Ctr
Compiling module xil_defaultlib.Ctr_tb
Compiling module xil_defaultlib.glbl
Built simulation snapshot Ctr_tb_behav
INFO: [USF-XSim-69] 'elaborate' step finished in '1' seconds
Vivado Simulator 2018.3
Time resolution is 1 ps
relaunch_sim
INFO: [Vivado 12-5682] Launching behavioral simulation in 'D:/LAB/lab3/lab03/lab03.sim/sim_1/behav/xsim'
INFO: [SIM-utils-51] Simulation object is 'sim_1'
INFO: [SIM-utils-54] Inspecting design source files for 'Ctr_tb' in fileset 'sim_1'...
INFO: [USF-XSim-97] Finding global include files...
INFO: [USF-XSim-98] Fetching design files from 'sim_1'...
INFO: [USF-XSim-2] XSim::Compile design
INFO: [USF-XSim-61] Executing 'COMPILE and ANALYZE' step in 'D:/LAB/lab3/lab03/lab03.sim/sim_1/behav/xsim'
"xvlog --incr --relax -prj Ctr_tb_vlog.prj"
INFO: [VRFC 10-2263] Analyzing Verilog file "D:/LAB/lab3/lab03/lab03.srcs/sources_1/new/Ctr.v" into library xil_defaultlib
INFO: [VRFC 10-311] analyzing module Ctr
INFO: [VRFC 10-2263] Analyzing Verilog file "D:/LAB/lab3/lab03/lab03.srcs/sim_1/new/Ctr_tb.v" into library xil_defaultlib
INFO: [VRFC 10-311] analyzing module Ctr_tb
INFO: [USF-XSim-69] 'compile' step finished in '1' seconds
INFO: [Vivado 12-5682] Launching behavioral simulation in 'D:/LAB/lab3/lab03/lab03.sim/sim_1/behav/xsim'
INFO: [USF-XSim-3] XSim::Elaborate design
INFO: [USF-XSim-61] Executing 'ELABORATE' step in 'D:/LAB/lab3/lab03/lab03.sim/sim_1/behav/xsim'
Vivado Simulator 2018.3
Copyright 1986-1999, 2001-2018 Xilinx, Inc. All Rights Reserved.
Running: D:/Software/Vivado/Vivado/2018.3/bin/unwrapped/win64.o/xelab.exe -wto 2e678429bda346a38e37d89bb205de43 --incr --debug typical --relax --mt 2 -L xil_defaultlib -L unisims_ver -L unimacro_ver -L secureip --snapshot Ctr_tb_behav xil_defaultlib.Ctr_tb xil_defaultlib.glbl -log elaborate.log 
Using 2 slave threads.
Starting static elaboration
ERROR: [VRFC 10-3180] cannot find port 'opCode' on this module [D:/LAB/lab3/lab03/lab03.srcs/sim_1/new/Ctr_tb.v:50]
ERROR: [XSIM 43-3322] Static elaboration of top level Verilog design unit(s) in library work failed.
INFO: [USF-XSim-69] 'elaborate' step finished in '1' seconds
INFO: [USF-XSim-99] Step results log file:'D:/LAB/lab3/lab03/lab03.sim/sim_1/behav/xsim/elaborate.log'
ERROR: [USF-XSim-62] 'elaborate' step failed with error(s). Please check the Tcl console output or 'D:/LAB/lab3/lab03/lab03.sim/sim_1/behav/xsim/elaborate.log' file for more information.
ERROR: [Vivado 12-4473] Detected error while running simulation. Please correct the issue and retry this operation.
ERROR: [Common 17-39] 'launch_simulation' failed due to earlier errors.
ERROR: [Common 17-69] Command failed: ERROR: [Common 17-39] 'launch_simulation' failed due to earlier errors.

relaunch_sim
INFO: [Vivado 12-5682] Launching behavioral simulation in 'D:/LAB/lab3/lab03/lab03.sim/sim_1/behav/xsim'
INFO: [SIM-utils-51] Simulation object is 'sim_1'
INFO: [SIM-utils-54] Inspecting design source files for 'Ctr_tb' in fileset 'sim_1'...
INFO: [USF-XSim-97] Finding global include files...
INFO: [USF-XSim-98] Fetching design files from 'sim_1'...
INFO: [USF-XSim-2] XSim::Compile design
INFO: [USF-XSim-61] Executing 'COMPILE and ANALYZE' step in 'D:/LAB/lab3/lab03/lab03.sim/sim_1/behav/xsim'
"xvlog --incr --relax -prj Ctr_tb_vlog.prj"
INFO: [VRFC 10-2263] Analyzing Verilog file "D:/LAB/lab3/lab03/lab03.srcs/sources_1/new/Ctr.v" into library xil_defaultlib
INFO: [VRFC 10-311] analyzing module Ctr
WARNING: [VRFC 10-3676] redeclaration of ansi port 'RegDst' is not allowed [D:/LAB/lab3/lab03/lab03.srcs/sources_1/new/Ctr.v:35]
WARNING: [VRFC 10-3676] redeclaration of ansi port 'AluSrc' is not allowed [D:/LAB/lab3/lab03/lab03.srcs/sources_1/new/Ctr.v:36]
WARNING: [VRFC 10-3676] redeclaration of ansi port 'MemToReg' is not allowed [D:/LAB/lab3/lab03/lab03.srcs/sources_1/new/Ctr.v:37]
WARNING: [VRFC 10-3676] redeclaration of ansi port 'RegWrite' is not allowed [D:/LAB/lab3/lab03/lab03.srcs/sources_1/new/Ctr.v:38]
WARNING: [VRFC 10-3676] redeclaration of ansi port 'MemRead' is not allowed [D:/LAB/lab3/lab03/lab03.srcs/sources_1/new/Ctr.v:39]
WARNING: [VRFC 10-3676] redeclaration of ansi port 'MemWrite' is not allowed [D:/LAB/lab3/lab03/lab03.srcs/sources_1/new/Ctr.v:40]
WARNING: [VRFC 10-3676] redeclaration of ansi port 'Branch' is not allowed [D:/LAB/lab3/lab03/lab03.srcs/sources_1/new/Ctr.v:41]
WARNING: [VRFC 10-3676] redeclaration of ansi port 'AluOp' is not allowed [D:/LAB/lab3/lab03/lab03.srcs/sources_1/new/Ctr.v:42]
WARNING: [VRFC 10-3676] redeclaration of ansi port 'Jump' is not allowed [D:/LAB/lab3/lab03/lab03.srcs/sources_1/new/Ctr.v:43]
INFO: [VRFC 10-2263] Analyzing Verilog file "D:/LAB/lab3/lab03/lab03.srcs/sim_1/new/Ctr_tb.v" into library xil_defaultlib
INFO: [VRFC 10-311] analyzing module Ctr_tb
INFO: [USF-XSim-69] 'compile' step finished in '1' seconds
INFO: [Vivado 12-5682] Launching behavioral simulation in 'D:/LAB/lab3/lab03/lab03.sim/sim_1/behav/xsim'
INFO: [USF-XSim-3] XSim::Elaborate design
INFO: [USF-XSim-61] Executing 'ELABORATE' step in 'D:/LAB/lab3/lab03/lab03.sim/sim_1/behav/xsim'
Vivado Simulator 2018.3
Copyright 1986-1999, 2001-2018 Xilinx, Inc. All Rights Reserved.
Running: D:/Software/Vivado/Vivado/2018.3/bin/unwrapped/win64.o/xelab.exe -wto 2e678429bda346a38e37d89bb205de43 --incr --debug typical --relax --mt 2 -L xil_defaultlib -L unisims_ver -L unimacro_ver -L secureip --snapshot Ctr_tb_behav xil_defaultlib.Ctr_tb xil_defaultlib.glbl -log elaborate.log 
Using 2 slave threads.
Starting static elaboration
Completed static elaboration
Starting simulation data flow analysis
Completed simulation data flow analysis
Time Resolution for simulation is 1ps
Compiling module xil_defaultlib.Ctr
Compiling module xil_defaultlib.Ctr_tb
Compiling module xil_defaultlib.glbl
Built simulation snapshot Ctr_tb_behav
INFO: [USF-XSim-69] 'elaborate' step finished in '1' seconds
Vivado Simulator 2018.3
Time resolution is 1 ps
relaunch_sim: Time (s): cpu = 00:00:00 ; elapsed = 00:00:05 . Memory (MB): peak = 826.938 ; gain = 0.000
close [ open D:/LAB/lab3/lab03/lab03.srcs/sources_1/new/ALUCtr.v w ]
add_files D:/LAB/lab3/lab03/lab03.srcs/sources_1/new/ALUCtr.v
update_compile_order -fileset sources_1
set_property SOURCE_SET sources_1 [get_filesets sim_1]
close [ open D:/LAB/lab3/lab03/lab03.srcs/sim_1/new/ALUCtr_tb.v w ]
add_files -fileset sim_1 D:/LAB/lab3/lab03/lab03.srcs/sim_1/new/ALUCtr_tb.v
update_compile_order -fileset sim_1
save_wave_config {D:/LAB/lab3/lab03/Ctr_tb_behav.wcfg}
set_property top ALUCtr [current_fileset]
update_compile_order -fileset sources_1
set_property top ALUCtr_tb [get_filesets sim_1]
set_property top_lib xil_defaultlib [get_filesets sim_1]
update_compile_order -fileset sim_1
launch_simulation
INFO: [Vivado 12-5682] Launching behavioral simulation in 'D:/LAB/lab3/lab03/lab03.sim/sim_1/behav/xsim'
INFO: [SIM-utils-51] Simulation object is 'sim_1'
INFO: [SIM-utils-54] Inspecting design source files for 'ALUCtr_tb' in fileset 'sim_1'...
INFO: [USF-XSim-97] Finding global include files...
INFO: [USF-XSim-98] Fetching design files from 'sim_1'...
INFO: [USF-XSim-2] XSim::Compile design
INFO: [USF-XSim-61] Executing 'COMPILE and ANALYZE' step in 'D:/LAB/lab3/lab03/lab03.sim/sim_1/behav/xsim'
"xvlog --incr --relax -prj ALUCtr_tb_vlog.prj"
INFO: [VRFC 10-2263] Analyzing Verilog file "D:/LAB/lab3/lab03/lab03.srcs/sources_1/new/ALUCtr.v" into library xil_defaultlib
INFO: [VRFC 10-311] analyzing module ALUCtr
WARNING: [VRFC 10-3676] redeclaration of ansi port 'ALUCtrOut' is not allowed [D:/LAB/lab3/lab03/lab03.srcs/sources_1/new/ALUCtr.v:28]
WARNING: [VRFC 10-3028] 'ALUCtrOut' was previously declared with a range [D:/LAB/lab3/lab03/lab03.srcs/sources_1/new/ALUCtr.v:28]
INFO: [VRFC 10-2263] Analyzing Verilog file "D:/LAB/lab3/lab03/lab03.srcs/sim_1/new/ALUCtr_tb.v" into library xil_defaultlib
INFO: [VRFC 10-311] analyzing module ALUCtr_tb
INFO: [USF-XSim-69] 'compile' step finished in '1' seconds
INFO: [USF-XSim-3] XSim::Elaborate design
INFO: [USF-XSim-61] Executing 'ELABORATE' step in 'D:/LAB/lab3/lab03/lab03.sim/sim_1/behav/xsim'
Vivado Simulator 2018.3
Copyright 1986-1999, 2001-2018 Xilinx, Inc. All Rights Reserved.
Running: D:/Software/Vivado/Vivado/2018.3/bin/unwrapped/win64.o/xelab.exe -wto 2e678429bda346a38e37d89bb205de43 --incr --debug typical --relax --mt 2 -L xil_defaultlib -L unisims_ver -L unimacro_ver -L secureip --snapshot ALUCtr_tb_behav xil_defaultlib.ALUCtr_tb xil_defaultlib.glbl -log elaborate.log 
Using 2 slave threads.
Starting static elaboration
WARNING: [VRFC 10-3091] actual bit length 4 differs from formal bit length 1 for port 'ALUCtrOut' [D:/LAB/lab3/lab03/lab03.srcs/sim_1/new/ALUCtr_tb.v:33]
Completed static elaboration
Starting simulation data flow analysis
Completed simulation data flow analysis
Time Resolution for simulation is 1ps
Compiling module xil_defaultlib.ALUCtr
Compiling module xil_defaultlib.ALUCtr_tb
Compiling module xil_defaultlib.glbl
Built simulation snapshot ALUCtr_tb_behav

****** Webtalk v2018.3 (64-bit)
  **** SW Build 2405991 on Thu Dec  6 23:38:27 MST 2018
  **** IP Build 2404404 on Fri Dec  7 01:43:56 MST 2018
    ** Copyright 1986-2018 Xilinx, Inc. All Rights Reserved.

source D:/LAB/lab3/lab03/lab03.sim/sim_1/behav/xsim/xsim.dir/ALUCtr_tb_behav/webtalk/xsim_webtalk.tcl -notrace
INFO: [Common 17-206] Exiting Webtalk at Wed May  8 10:35:08 2024...
INFO: [USF-XSim-69] 'elaborate' step finished in '3' seconds
INFO: [USF-XSim-4] XSim::Simulate design
INFO: [USF-XSim-61] Executing 'SIMULATE' step in 'D:/LAB/lab3/lab03/lab03.sim/sim_1/behav/xsim'
INFO: [USF-XSim-98] *** Running xsim
   with args "ALUCtr_tb_behav -key {Behavioral:sim_1:Functional:ALUCtr_tb} -tclbatch {ALUCtr_tb.tcl} -view {D:/LAB/lab3/lab03/Ctr_tb_behav.wcfg} -log {simulate.log}"
INFO: [USF-XSim-8] Loading simulator feature
Vivado Simulator 2018.3
Time resolution is 1 ps
open_wave_config D:/LAB/lab3/lab03/Ctr_tb_behav.wcfg
WARNING: Simulation object /Ctr_tb/OpCode was not found in the design.
WARNING: Simulation object /Ctr_tb/RegDst was not found in the design.
WARNING: Simulation object /Ctr_tb/AluSrc was not found in the design.
WARNING: Simulation object /Ctr_tb/MemToReg was not found in the design.
WARNING: Simulation object /Ctr_tb/RegWrite was not found in the design.
WARNING: Simulation object /Ctr_tb/MemRead was not found in the design.
WARNING: Simulation object /Ctr_tb/MemWrite was not found in the design.
WARNING: Simulation object /Ctr_tb/Branch was not found in the design.
WARNING: Simulation object /Ctr_tb/AluOp was not found in the design.
WARNING: Simulation object /Ctr_tb/Jump was not found in the design.
source ALUCtr_tb.tcl
# set curr_wave [current_wave_config]
# if { [string length $curr_wave] == 0 } {
#   if { [llength [get_objects]] > 0} {
#     add_wave /
#     set_property needs_save false [current_wave_config]
#   } else {
#      send_msg_id Add_Wave-1 WARNING "No top level signals found. Simulator will start without a wave window. If you want to open a wave window go to 'File->New Waveform Configuration' or type 'create_wave_config' in the TCL console."
#   }
# }
# run 1000ns
INFO: [USF-XSim-96] XSim completed. Design snapshot 'ALUCtr_tb_behav' loaded.
INFO: [USF-XSim-97] XSim simulation ran for 1000ns
launch_simulation: Time (s): cpu = 00:00:02 ; elapsed = 00:00:08 . Memory (MB): peak = 853.230 ; gain = 0.000
current_wave_config {Ctr_tb_behav.wcfg}
Ctr_tb_behav.wcfg
add_wave {{/ALUCtr_tb/ALUOp}} 
current_wave_config {Ctr_tb_behav.wcfg}
Ctr_tb_behav.wcfg
add_wave {{/ALUCtr_tb/Funct}} 
current_wave_config {Ctr_tb_behav.wcfg}
Ctr_tb_behav.wcfg
add_wave {{/ALUCtr_tb/ALUCtrOut}} 
relaunch_sim
INFO: [Vivado 12-5682] Launching behavioral simulation in 'D:/LAB/lab3/lab03/lab03.sim/sim_1/behav/xsim'
INFO: [SIM-utils-51] Simulation object is 'sim_1'
INFO: [SIM-utils-54] Inspecting design source files for 'ALUCtr_tb' in fileset 'sim_1'...
INFO: [USF-XSim-97] Finding global include files...
INFO: [USF-XSim-98] Fetching design files from 'sim_1'...
INFO: [USF-XSim-2] XSim::Compile design
INFO: [USF-XSim-61] Executing 'COMPILE and ANALYZE' step in 'D:/LAB/lab3/lab03/lab03.sim/sim_1/behav/xsim'
"xvlog --incr --relax -prj ALUCtr_tb_vlog.prj"
INFO: [USF-XSim-69] 'compile' step finished in '1' seconds
INFO: [Vivado 12-5682] Launching behavioral simulation in 'D:/LAB/lab3/lab03/lab03.sim/sim_1/behav/xsim'
INFO: [USF-XSim-3] XSim::Elaborate design
INFO: [USF-XSim-61] Executing 'ELABORATE' step in 'D:/LAB/lab3/lab03/lab03.sim/sim_1/behav/xsim'
Vivado Simulator 2018.3
Copyright 1986-1999, 2001-2018 Xilinx, Inc. All Rights Reserved.
Running: D:/Software/Vivado/Vivado/2018.3/bin/unwrapped/win64.o/xelab.exe -wto 2e678429bda346a38e37d89bb205de43 --incr --debug typical --relax --mt 2 -L xil_defaultlib -L unisims_ver -L unimacro_ver -L secureip --snapshot ALUCtr_tb_behav xil_defaultlib.ALUCtr_tb xil_defaultlib.glbl -log elaborate.log 
Using 2 slave threads.
Starting static elaboration
WARNING: [VRFC 10-3091] actual bit length 4 differs from formal bit length 1 for port 'ALUCtrOut' [D:/LAB/lab3/lab03/lab03.srcs/sim_1/new/ALUCtr_tb.v:33]
Completed static elaboration
INFO: [XSIM 43-4323] No Change in HDL. Linking previously generated obj files to create kernel
INFO: [USF-XSim-69] 'elaborate' step finished in '1' seconds
Vivado Simulator 2018.3
Time resolution is 1 ps
relaunch_sim: Time (s): cpu = 00:00:00 ; elapsed = 00:00:06 . Memory (MB): peak = 853.230 ; gain = 0.000
relaunch_sim
INFO: [Vivado 12-5682] Launching behavioral simulation in 'D:/LAB/lab3/lab03/lab03.sim/sim_1/behav/xsim'
INFO: [SIM-utils-51] Simulation object is 'sim_1'
INFO: [SIM-utils-54] Inspecting design source files for 'ALUCtr_tb' in fileset 'sim_1'...
INFO: [USF-XSim-97] Finding global include files...
INFO: [USF-XSim-98] Fetching design files from 'sim_1'...
INFO: [USF-XSim-2] XSim::Compile design
INFO: [USF-XSim-61] Executing 'COMPILE and ANALYZE' step in 'D:/LAB/lab3/lab03/lab03.sim/sim_1/behav/xsim'
"xvlog --incr --relax -prj ALUCtr_tb_vlog.prj"
INFO: [VRFC 10-2263] Analyzing Verilog file "D:/LAB/lab3/lab03/lab03.srcs/sources_1/new/ALUCtr.v" into library xil_defaultlib
INFO: [VRFC 10-311] analyzing module ALUCtr
WARNING: [VRFC 10-3676] redeclaration of ansi port 'ALUCtrOut' is not allowed [D:/LAB/lab3/lab03/lab03.srcs/sources_1/new/ALUCtr.v:28]
WARNING: [VRFC 10-3028] 'ALUCtrOut' was previously declared with a range [D:/LAB/lab3/lab03/lab03.srcs/sources_1/new/ALUCtr.v:28]
INFO: [VRFC 10-2263] Analyzing Verilog file "D:/LAB/lab3/lab03/lab03.srcs/sim_1/new/ALUCtr_tb.v" into library xil_defaultlib
INFO: [VRFC 10-311] analyzing module ALUCtr_tb
INFO: [USF-XSim-69] 'compile' step finished in '1' seconds
INFO: [Vivado 12-5682] Launching behavioral simulation in 'D:/LAB/lab3/lab03/lab03.sim/sim_1/behav/xsim'
INFO: [USF-XSim-3] XSim::Elaborate design
INFO: [USF-XSim-61] Executing 'ELABORATE' step in 'D:/LAB/lab3/lab03/lab03.sim/sim_1/behav/xsim'
Vivado Simulator 2018.3
Copyright 1986-1999, 2001-2018 Xilinx, Inc. All Rights Reserved.
Running: D:/Software/Vivado/Vivado/2018.3/bin/unwrapped/win64.o/xelab.exe -wto 2e678429bda346a38e37d89bb205de43 --incr --debug typical --relax --mt 2 -L xil_defaultlib -L unisims_ver -L unimacro_ver -L secureip --snapshot ALUCtr_tb_behav xil_defaultlib.ALUCtr_tb xil_defaultlib.glbl -log elaborate.log 
Using 2 slave threads.
Starting static elaboration
WARNING: [VRFC 10-3091] actual bit length 4 differs from formal bit length 1 for port 'ALUCtrOut' [D:/LAB/lab3/lab03/lab03.srcs/sim_1/new/ALUCtr_tb.v:48]
Completed static elaboration
Starting simulation data flow analysis
Completed simulation data flow analysis
Time Resolution for simulation is 1ps
Compiling module xil_defaultlib.ALUCtr
Compiling module xil_defaultlib.ALUCtr_tb
Compiling module xil_defaultlib.glbl
Built simulation snapshot ALUCtr_tb_behav
INFO: [USF-XSim-69] 'elaborate' step finished in '1' seconds
Vivado Simulator 2018.3
Time resolution is 1 ps
relaunch_sim
INFO: [Vivado 12-5682] Launching behavioral simulation in 'D:/LAB/lab3/lab03/lab03.sim/sim_1/behav/xsim'
INFO: [SIM-utils-51] Simulation object is 'sim_1'
INFO: [SIM-utils-54] Inspecting design source files for 'ALUCtr_tb' in fileset 'sim_1'...
INFO: [USF-XSim-97] Finding global include files...
INFO: [USF-XSim-98] Fetching design files from 'sim_1'...
INFO: [USF-XSim-2] XSim::Compile design
INFO: [USF-XSim-61] Executing 'COMPILE and ANALYZE' step in 'D:/LAB/lab3/lab03/lab03.sim/sim_1/behav/xsim'
"xvlog --incr --relax -prj ALUCtr_tb_vlog.prj"
INFO: [VRFC 10-2263] Analyzing Verilog file "D:/LAB/lab3/lab03/lab03.srcs/sources_1/new/ALUCtr.v" into library xil_defaultlib
INFO: [VRFC 10-311] analyzing module ALUCtr
WARNING: [VRFC 10-3676] redeclaration of ansi port 'ALUCtrOut' is not allowed [D:/LAB/lab3/lab03/lab03.srcs/sources_1/new/ALUCtr.v:28]
INFO: [VRFC 10-2263] Analyzing Verilog file "D:/LAB/lab3/lab03/lab03.srcs/sim_1/new/ALUCtr_tb.v" into library xil_defaultlib
INFO: [VRFC 10-311] analyzing module ALUCtr_tb
INFO: [USF-XSim-69] 'compile' step finished in '1' seconds
INFO: [Vivado 12-5682] Launching behavioral simulation in 'D:/LAB/lab3/lab03/lab03.sim/sim_1/behav/xsim'
INFO: [USF-XSim-3] XSim::Elaborate design
INFO: [USF-XSim-61] Executing 'ELABORATE' step in 'D:/LAB/lab3/lab03/lab03.sim/sim_1/behav/xsim'
Vivado Simulator 2018.3
Copyright 1986-1999, 2001-2018 Xilinx, Inc. All Rights Reserved.
Running: D:/Software/Vivado/Vivado/2018.3/bin/unwrapped/win64.o/xelab.exe -wto 2e678429bda346a38e37d89bb205de43 --incr --debug typical --relax --mt 2 -L xil_defaultlib -L unisims_ver -L unimacro_ver -L secureip --snapshot ALUCtr_tb_behav xil_defaultlib.ALUCtr_tb xil_defaultlib.glbl -log elaborate.log 
Using 2 slave threads.
Starting static elaboration
Completed static elaboration
Starting simulation data flow analysis
Completed simulation data flow analysis
Time Resolution for simulation is 1ps
Compiling module xil_defaultlib.ALUCtr
Compiling module xil_defaultlib.ALUCtr_tb
Compiling module xil_defaultlib.glbl
Built simulation snapshot ALUCtr_tb_behav
INFO: [USF-XSim-69] 'elaborate' step finished in '1' seconds
Vivado Simulator 2018.3
Time resolution is 1 ps
relaunch_sim: Time (s): cpu = 00:00:00 ; elapsed = 00:00:06 . Memory (MB): peak = 853.230 ; gain = 0.000
relaunch_sim
INFO: [Vivado 12-5682] Launching behavioral simulation in 'D:/LAB/lab3/lab03/lab03.sim/sim_1/behav/xsim'
INFO: [SIM-utils-51] Simulation object is 'sim_1'
INFO: [SIM-utils-54] Inspecting design source files for 'ALUCtr_tb' in fileset 'sim_1'...
INFO: [USF-XSim-97] Finding global include files...
INFO: [USF-XSim-98] Fetching design files from 'sim_1'...
INFO: [USF-XSim-2] XSim::Compile design
INFO: [USF-XSim-61] Executing 'COMPILE and ANALYZE' step in 'D:/LAB/lab3/lab03/lab03.sim/sim_1/behav/xsim'
"xvlog --incr --relax -prj ALUCtr_tb_vlog.prj"
INFO: [VRFC 10-2263] Analyzing Verilog file "D:/LAB/lab3/lab03/lab03.srcs/sources_1/new/ALUCtr.v" into library xil_defaultlib
INFO: [VRFC 10-311] analyzing module ALUCtr
WARNING: [VRFC 10-3676] redeclaration of ansi port 'ALUCtrOut' is not allowed [D:/LAB/lab3/lab03/lab03.srcs/sources_1/new/ALUCtr.v:28]
INFO: [VRFC 10-2263] Analyzing Verilog file "D:/LAB/lab3/lab03/lab03.srcs/sim_1/new/ALUCtr_tb.v" into library xil_defaultlib
INFO: [VRFC 10-311] analyzing module ALUCtr_tb
INFO: [USF-XSim-69] 'compile' step finished in '1' seconds
INFO: [Vivado 12-5682] Launching behavioral simulation in 'D:/LAB/lab3/lab03/lab03.sim/sim_1/behav/xsim'
INFO: [USF-XSim-3] XSim::Elaborate design
INFO: [USF-XSim-61] Executing 'ELABORATE' step in 'D:/LAB/lab3/lab03/lab03.sim/sim_1/behav/xsim'
Vivado Simulator 2018.3
Copyright 1986-1999, 2001-2018 Xilinx, Inc. All Rights Reserved.
Running: D:/Software/Vivado/Vivado/2018.3/bin/unwrapped/win64.o/xelab.exe -wto 2e678429bda346a38e37d89bb205de43 --incr --debug typical --relax --mt 2 -L xil_defaultlib -L unisims_ver -L unimacro_ver -L secureip --snapshot ALUCtr_tb_behav xil_defaultlib.ALUCtr_tb xil_defaultlib.glbl -log elaborate.log 
Using 2 slave threads.
Starting static elaboration
Completed static elaboration
Starting simulation data flow analysis
Completed simulation data flow analysis
Time Resolution for simulation is 1ps
Compiling module xil_defaultlib.ALUCtr
Compiling module xil_defaultlib.ALUCtr_tb
Compiling module xil_defaultlib.glbl
Built simulation snapshot ALUCtr_tb_behav
INFO: [USF-XSim-69] 'elaborate' step finished in '1' seconds
Vivado Simulator 2018.3
Time resolution is 1 ps
relaunch_sim: Time (s): cpu = 00:00:00 ; elapsed = 00:00:05 . Memory (MB): peak = 853.230 ; gain = 0.000
relaunch_sim
INFO: [Vivado 12-5682] Launching behavioral simulation in 'D:/LAB/lab3/lab03/lab03.sim/sim_1/behav/xsim'
INFO: [SIM-utils-51] Simulation object is 'sim_1'
INFO: [SIM-utils-54] Inspecting design source files for 'ALUCtr_tb' in fileset 'sim_1'...
INFO: [USF-XSim-97] Finding global include files...
INFO: [USF-XSim-98] Fetching design files from 'sim_1'...
INFO: [USF-XSim-2] XSim::Compile design
INFO: [USF-XSim-61] Executing 'COMPILE and ANALYZE' step in 'D:/LAB/lab3/lab03/lab03.sim/sim_1/behav/xsim'
"xvlog --incr --relax -prj ALUCtr_tb_vlog.prj"
INFO: [USF-XSim-69] 'compile' step finished in '1' seconds
INFO: [Vivado 12-5682] Launching behavioral simulation in 'D:/LAB/lab3/lab03/lab03.sim/sim_1/behav/xsim'
INFO: [USF-XSim-3] XSim::Elaborate design
INFO: [USF-XSim-61] Executing 'ELABORATE' step in 'D:/LAB/lab3/lab03/lab03.sim/sim_1/behav/xsim'
Vivado Simulator 2018.3
Copyright 1986-1999, 2001-2018 Xilinx, Inc. All Rights Reserved.
Running: D:/Software/Vivado/Vivado/2018.3/bin/unwrapped/win64.o/xelab.exe -wto 2e678429bda346a38e37d89bb205de43 --incr --debug typical --relax --mt 2 -L xil_defaultlib -L unisims_ver -L unimacro_ver -L secureip --snapshot ALUCtr_tb_behav xil_defaultlib.ALUCtr_tb xil_defaultlib.glbl -log elaborate.log 
Using 2 slave threads.
Starting static elaboration
Completed static elaboration
INFO: [XSIM 43-4323] No Change in HDL. Linking previously generated obj files to create kernel
INFO: [USF-XSim-69] 'elaborate' step finished in '1' seconds
Vivado Simulator 2018.3
Time resolution is 1 ps
relaunch_sim
INFO: [Vivado 12-5682] Launching behavioral simulation in 'D:/LAB/lab3/lab03/lab03.sim/sim_1/behav/xsim'
INFO: [SIM-utils-51] Simulation object is 'sim_1'
INFO: [SIM-utils-54] Inspecting design source files for 'ALUCtr_tb' in fileset 'sim_1'...
INFO: [USF-XSim-97] Finding global include files...
INFO: [USF-XSim-98] Fetching design files from 'sim_1'...
INFO: [USF-XSim-2] XSim::Compile design
INFO: [USF-XSim-61] Executing 'COMPILE and ANALYZE' step in 'D:/LAB/lab3/lab03/lab03.sim/sim_1/behav/xsim'
"xvlog --incr --relax -prj ALUCtr_tb_vlog.prj"
INFO: [VRFC 10-2263] Analyzing Verilog file "D:/LAB/lab3/lab03/lab03.srcs/sources_1/new/ALUCtr.v" into library xil_defaultlib
INFO: [VRFC 10-311] analyzing module ALUCtr
WARNING: [VRFC 10-3676] redeclaration of ansi port 'ALUCtrOut' is not allowed [D:/LAB/lab3/lab03/lab03.srcs/sources_1/new/ALUCtr.v:28]
INFO: [VRFC 10-2263] Analyzing Verilog file "D:/LAB/lab3/lab03/lab03.srcs/sim_1/new/ALUCtr_tb.v" into library xil_defaultlib
INFO: [VRFC 10-311] analyzing module ALUCtr_tb
INFO: [USF-XSim-69] 'compile' step finished in '1' seconds
INFO: [Vivado 12-5682] Launching behavioral simulation in 'D:/LAB/lab3/lab03/lab03.sim/sim_1/behav/xsim'
INFO: [USF-XSim-3] XSim::Elaborate design
INFO: [USF-XSim-61] Executing 'ELABORATE' step in 'D:/LAB/lab3/lab03/lab03.sim/sim_1/behav/xsim'
Vivado Simulator 2018.3
Copyright 1986-1999, 2001-2018 Xilinx, Inc. All Rights Reserved.
Running: D:/Software/Vivado/Vivado/2018.3/bin/unwrapped/win64.o/xelab.exe -wto 2e678429bda346a38e37d89bb205de43 --incr --debug typical --relax --mt 2 -L xil_defaultlib -L unisims_ver -L unimacro_ver -L secureip --snapshot ALUCtr_tb_behav xil_defaultlib.ALUCtr_tb xil_defaultlib.glbl -log elaborate.log 
Using 2 slave threads.
Starting static elaboration
Completed static elaboration
Starting simulation data flow analysis
Completed simulation data flow analysis
Time Resolution for simulation is 1ps
Compiling module xil_defaultlib.ALUCtr
Compiling module xil_defaultlib.ALUCtr_tb
Compiling module xil_defaultlib.glbl
Built simulation snapshot ALUCtr_tb_behav
INFO: [USF-XSim-69] 'elaborate' step finished in '1' seconds
Vivado Simulator 2018.3
Time resolution is 1 ps
relaunch_sim: Time (s): cpu = 00:00:00 ; elapsed = 00:00:05 . Memory (MB): peak = 853.230 ; gain = 0.000
relaunch_sim
INFO: [Vivado 12-5682] Launching behavioral simulation in 'D:/LAB/lab3/lab03/lab03.sim/sim_1/behav/xsim'
INFO: [SIM-utils-51] Simulation object is 'sim_1'
INFO: [SIM-utils-54] Inspecting design source files for 'ALUCtr_tb' in fileset 'sim_1'...
INFO: [USF-XSim-97] Finding global include files...
INFO: [USF-XSim-98] Fetching design files from 'sim_1'...
INFO: [USF-XSim-2] XSim::Compile design
INFO: [USF-XSim-61] Executing 'COMPILE and ANALYZE' step in 'D:/LAB/lab3/lab03/lab03.sim/sim_1/behav/xsim'
"xvlog --incr --relax -prj ALUCtr_tb_vlog.prj"
INFO: [VRFC 10-2263] Analyzing Verilog file "D:/LAB/lab3/lab03/lab03.srcs/sources_1/new/ALUCtr.v" into library xil_defaultlib
INFO: [VRFC 10-311] analyzing module ALUCtr
WARNING: [VRFC 10-3676] redeclaration of ansi port 'ALUCtrOut' is not allowed [D:/LAB/lab3/lab03/lab03.srcs/sources_1/new/ALUCtr.v:28]
INFO: [VRFC 10-2263] Analyzing Verilog file "D:/LAB/lab3/lab03/lab03.srcs/sim_1/new/ALUCtr_tb.v" into library xil_defaultlib
INFO: [VRFC 10-311] analyzing module ALUCtr_tb
INFO: [USF-XSim-69] 'compile' step finished in '1' seconds
INFO: [Vivado 12-5682] Launching behavioral simulation in 'D:/LAB/lab3/lab03/lab03.sim/sim_1/behav/xsim'
INFO: [USF-XSim-3] XSim::Elaborate design
INFO: [USF-XSim-61] Executing 'ELABORATE' step in 'D:/LAB/lab3/lab03/lab03.sim/sim_1/behav/xsim'
Vivado Simulator 2018.3
Copyright 1986-1999, 2001-2018 Xilinx, Inc. All Rights Reserved.
Running: D:/Software/Vivado/Vivado/2018.3/bin/unwrapped/win64.o/xelab.exe -wto 2e678429bda346a38e37d89bb205de43 --incr --debug typical --relax --mt 2 -L xil_defaultlib -L unisims_ver -L unimacro_ver -L secureip --snapshot ALUCtr_tb_behav xil_defaultlib.ALUCtr_tb xil_defaultlib.glbl -log elaborate.log 
Using 2 slave threads.
Starting static elaboration
Completed static elaboration
Starting simulation data flow analysis
Completed simulation data flow analysis
Time Resolution for simulation is 1ps
Compiling module xil_defaultlib.ALUCtr
Compiling module xil_defaultlib.ALUCtr_tb
Compiling module xil_defaultlib.glbl
Built simulation snapshot ALUCtr_tb_behav
INFO: [USF-XSim-69] 'elaborate' step finished in '1' seconds
Vivado Simulator 2018.3
Time resolution is 1 ps
relaunch_sim: Time (s): cpu = 00:00:01 ; elapsed = 00:00:05 . Memory (MB): peak = 853.289 ; gain = 0.059
relaunch_sim
INFO: [Vivado 12-5682] Launching behavioral simulation in 'D:/LAB/lab3/lab03/lab03.sim/sim_1/behav/xsim'
INFO: [SIM-utils-51] Simulation object is 'sim_1'
INFO: [SIM-utils-54] Inspecting design source files for 'ALUCtr_tb' in fileset 'sim_1'...
INFO: [USF-XSim-97] Finding global include files...
INFO: [USF-XSim-98] Fetching design files from 'sim_1'...
INFO: [USF-XSim-2] XSim::Compile design
INFO: [USF-XSim-61] Executing 'COMPILE and ANALYZE' step in 'D:/LAB/lab3/lab03/lab03.sim/sim_1/behav/xsim'
"xvlog --incr --relax -prj ALUCtr_tb_vlog.prj"
INFO: [USF-XSim-69] 'compile' step finished in '1' seconds
INFO: [Vivado 12-5682] Launching behavioral simulation in 'D:/LAB/lab3/lab03/lab03.sim/sim_1/behav/xsim'
INFO: [USF-XSim-3] XSim::Elaborate design
INFO: [USF-XSim-61] Executing 'ELABORATE' step in 'D:/LAB/lab3/lab03/lab03.sim/sim_1/behav/xsim'
Vivado Simulator 2018.3
Copyright 1986-1999, 2001-2018 Xilinx, Inc. All Rights Reserved.
Running: D:/Software/Vivado/Vivado/2018.3/bin/unwrapped/win64.o/xelab.exe -wto 2e678429bda346a38e37d89bb205de43 --incr --debug typical --relax --mt 2 -L xil_defaultlib -L unisims_ver -L unimacro_ver -L secureip --snapshot ALUCtr_tb_behav xil_defaultlib.ALUCtr_tb xil_defaultlib.glbl -log elaborate.log 
Using 2 slave threads.
Starting static elaboration
Completed static elaboration
INFO: [XSIM 43-4323] No Change in HDL. Linking previously generated obj files to create kernel
INFO: [USF-XSim-69] 'elaborate' step finished in '1' seconds
Vivado Simulator 2018.3
Time resolution is 1 ps
relaunch_sim
INFO: [Vivado 12-5682] Launching behavioral simulation in 'D:/LAB/lab3/lab03/lab03.sim/sim_1/behav/xsim'
INFO: [SIM-utils-51] Simulation object is 'sim_1'
INFO: [SIM-utils-54] Inspecting design source files for 'ALUCtr_tb' in fileset 'sim_1'...
INFO: [USF-XSim-97] Finding global include files...
INFO: [USF-XSim-98] Fetching design files from 'sim_1'...
INFO: [USF-XSim-2] XSim::Compile design
INFO: [USF-XSim-61] Executing 'COMPILE and ANALYZE' step in 'D:/LAB/lab3/lab03/lab03.sim/sim_1/behav/xsim'
"xvlog --incr --relax -prj ALUCtr_tb_vlog.prj"
INFO: [VRFC 10-2263] Analyzing Verilog file "D:/LAB/lab3/lab03/lab03.srcs/sources_1/new/ALUCtr.v" into library xil_defaultlib
INFO: [VRFC 10-311] analyzing module ALUCtr
WARNING: [VRFC 10-3676] redeclaration of ansi port 'ALUCtrOut' is not allowed [D:/LAB/lab3/lab03/lab03.srcs/sources_1/new/ALUCtr.v:28]
INFO: [VRFC 10-2263] Analyzing Verilog file "D:/LAB/lab3/lab03/lab03.srcs/sim_1/new/ALUCtr_tb.v" into library xil_defaultlib
INFO: [VRFC 10-311] analyzing module ALUCtr_tb
INFO: [USF-XSim-69] 'compile' step finished in '1' seconds
INFO: [Vivado 12-5682] Launching behavioral simulation in 'D:/LAB/lab3/lab03/lab03.sim/sim_1/behav/xsim'
INFO: [USF-XSim-3] XSim::Elaborate design
INFO: [USF-XSim-61] Executing 'ELABORATE' step in 'D:/LAB/lab3/lab03/lab03.sim/sim_1/behav/xsim'
Vivado Simulator 2018.3
Copyright 1986-1999, 2001-2018 Xilinx, Inc. All Rights Reserved.
Running: D:/Software/Vivado/Vivado/2018.3/bin/unwrapped/win64.o/xelab.exe -wto 2e678429bda346a38e37d89bb205de43 --incr --debug typical --relax --mt 2 -L xil_defaultlib -L unisims_ver -L unimacro_ver -L secureip --snapshot ALUCtr_tb_behav xil_defaultlib.ALUCtr_tb xil_defaultlib.glbl -log elaborate.log 
Using 2 slave threads.
Starting static elaboration
Completed static elaboration
Starting simulation data flow analysis
Completed simulation data flow analysis
Time Resolution for simulation is 1ps
Compiling module xil_defaultlib.ALUCtr
Compiling module xil_defaultlib.ALUCtr_tb
Compiling module xil_defaultlib.glbl
Built simulation snapshot ALUCtr_tb_behav
INFO: [USF-XSim-69] 'elaborate' step finished in '1' seconds
Vivado Simulator 2018.3
Time resolution is 1 ps
relaunch_sim: Time (s): cpu = 00:00:01 ; elapsed = 00:00:05 . Memory (MB): peak = 853.289 ; gain = 0.000
close_sim
INFO: [Simtcl 6-16] Simulation closed
relaunch_sim
INFO: [Vivado 12-5682] Launching behavioral simulation in 'D:/LAB/lab3/lab03/lab03.sim/sim_1/behav/xsim'
INFO: [SIM-utils-51] Simulation object is 'sim_1'
INFO: [SIM-utils-54] Inspecting design source files for 'ALUCtr_tb' in fileset 'sim_1'...
INFO: [USF-XSim-97] Finding global include files...
INFO: [USF-XSim-98] Fetching design files from 'sim_1'...
INFO: [USF-XSim-2] XSim::Compile design
INFO: [USF-XSim-61] Executing 'COMPILE and ANALYZE' step in 'D:/LAB/lab3/lab03/lab03.sim/sim_1/behav/xsim'
"xvlog --incr --relax -prj ALUCtr_tb_vlog.prj"
INFO: [USF-XSim-69] 'compile' step finished in '1' seconds
INFO: [Vivado 12-5682] Launching behavioral simulation in 'D:/LAB/lab3/lab03/lab03.sim/sim_1/behav/xsim'
INFO: [USF-XSim-3] XSim::Elaborate design
INFO: [USF-XSim-61] Executing 'ELABORATE' step in 'D:/LAB/lab3/lab03/lab03.sim/sim_1/behav/xsim'
Vivado Simulator 2018.3
Copyright 1986-1999, 2001-2018 Xilinx, Inc. All Rights Reserved.
Running: D:/Software/Vivado/Vivado/2018.3/bin/unwrapped/win64.o/xelab.exe -wto 2e678429bda346a38e37d89bb205de43 --incr --debug typical --relax --mt 2 -L xil_defaultlib -L unisims_ver -L unimacro_ver -L secureip --snapshot ALUCtr_tb_behav xil_defaultlib.ALUCtr_tb xil_defaultlib.glbl -log elaborate.log 
Using 2 slave threads.
Starting static elaboration
Completed static elaboration
INFO: [XSIM 43-4323] No Change in HDL. Linking previously generated obj files to create kernel
INFO: [USF-XSim-69] 'elaborate' step finished in '1' seconds
Vivado Simulator 2018.3
Time resolution is 1 ps
close_sim
INFO: [Simtcl 6-16] Simulation closed
exit
INFO: [Common 17-206] Exiting Vivado at Wed May  8 10:51:17 2024...
