#-----------------------------------------------------------
# Vivado v2018.3 (64-bit)
# SW Build 2405991 on Thu Dec  6 23:38:27 MST 2018
# IP Build 2404404 on Fri Dec  7 01:43:56 MST 2018
# Start of session at: Wed May 22 10:14:05 2024
# Process ID: 16592
# Current directory: D:/LAB/lab2/lab02
# Command line: vivado.exe -gui_launcher_event rodinguilauncherevent2540 D:\LAB\lab2\lab02\lab02.xpr
# Log file: D:/LAB/lab2/lab02/vivado.log
# Journal file: D:/LAB/lab2/lab02\vivado.jou
#-----------------------------------------------------------
start_gui
open_project D:/LAB/lab2/lab02/lab02.xpr
Scanning sources...
Finished scanning sources
INFO: [IP_Flow 19-234] Refreshing IP repositories
INFO: [IP_Flow 19-1704] No user IP repositories specified
INFO: [IP_Flow 19-2313] Loaded Vivado IP repository 'D:/Software/Vivado/Vivado/2018.3/data/ip'.
update_compile_order -fileset sources_1
exit
INFO: [Common 17-206] Exiting Vivado at Wed May 22 10:50:25 2024...
