#-----------------------------------------------------------
# Vivado v2018.3 (64-bit)
# SW Build 2405991 on Thu Dec  6 23:38:27 MST 2018
# IP Build 2404404 on Fri Dec  7 01:43:56 MST 2018
# Start of session at: Wed May  8 08:23:38 2024
# Process ID: 9912
# Current directory: D:/LAB/lab2/lab02
# Command line: vivado.exe -gui_launcher_event rodinguilauncherevent16648 D:\LAB\lab2\lab02\lab02.xpr
# Log file: D:/LAB/lab2/lab02/vivado.log
# Journal file: D:/LAB/lab2/lab02\vivado.jou
#-----------------------------------------------------------
start_gui
open_project D:/LAB/lab2/lab02/lab02.xpr
Scanning sources...
Finished scanning sources
INFO: [IP_Flow 19-234] Refreshing IP repositories
INFO: [IP_Flow 19-1704] No user IP repositories specified
INFO: [IP_Flow 19-2313] Loaded Vivado IP repository 'D:/Software/Vivado/Vivado/2018.3/data/ip'.
update_compile_order -fileset sources_1
launch_runs impl_1 -to_step write_bitstream -jobs 4
[Wed May  8 08:28:14 2024] Launched synth_1...
Run output will be captured here: D:/LAB/lab2/lab02/lab02.runs/synth_1/runme.log
[Wed May  8 08:28:14 2024] Launched impl_1...
Run output will be captured here: D:/LAB/lab2/lab02/lab02.runs/impl_1/runme.log
reset_run synth_1
launch_runs impl_1 -to_step write_bitstream -jobs 4
[Wed May  8 08:32:50 2024] Launched synth_1...
Run output will be captured here: D:/LAB/lab2/lab02/lab02.runs/synth_1/runme.log
[Wed May  8 08:32:50 2024] Launched impl_1...
Run output will be captured here: D:/LAB/lab2/lab02/lab02.runs/impl_1/runme.log
exit
INFO: [Common 17-206] Exiting Vivado at Wed May  8 08:40:10 2024...
