#-----------------------------------------------------------
# Vivado v2018.3 (64-bit)
# SW Build 2405991 on Thu Dec  6 23:38:27 MST 2018
# IP Build 2404404 on Fri Dec  7 01:43:56 MST 2018
# Start of session at: Wed May 22 11:52:48 2024
# Process ID: 6716
# Current directory: D:/LAB/LAB05-refer/LAB05-refer
# Command line: vivado.exe -gui_launcher_event rodinguilauncherevent12892 D:\LAB\LAB05-refer\LAB05-refer\LAB05-refer.xpr
# Log file: D:/LAB/LAB05-refer/LAB05-refer/vivado.log
# Journal file: D:/LAB/LAB05-refer/LAB05-refer\vivado.jou
#-----------------------------------------------------------
start_gui
open_project D:/LAB/LAB05-refer/LAB05-refer/LAB05-refer.xpr
Scanning sources...
Finished scanning sources
INFO: [IP_Flow 19-234] Refreshing IP repositories
INFO: [IP_Flow 19-1704] No user IP repositories specified
INFO: [IP_Flow 19-2313] Loaded Vivado IP repository 'D:/Software/Vivado/Vivado/2018.3/data/ip'.
reset_run impl_1
launch_runs impl_1 -to_step write_bitstream -jobs 4
[Wed May 22 11:53:17 2024] Launched impl_1...
Run output will be captured here: D:/LAB/LAB05-refer/LAB05-refer/LAB05-refer.runs/impl_1/runme.log
reset_run synth_1
launch_runs impl_1 -to_step write_bitstream -jobs 4
[Wed May 22 11:55:11 2024] Launched synth_1...
Run output will be captured here: D:/LAB/LAB05-refer/LAB05-refer/LAB05-refer.runs/synth_1/runme.log
[Wed May 22 11:55:11 2024] Launched impl_1...
Run output will be captured here: D:/LAB/LAB05-refer/LAB05-refer/LAB05-refer.runs/impl_1/runme.log
reset_run impl_1 -prev_step 
launch_runs impl_1 -to_step write_bitstream -jobs 4
WARNING: [Vivado 12-872] Run step 'Design Initialization' is out-of-date.
[Wed May 22 11:59:59 2024] Launched impl_1...
Run output will be captured here: D:/LAB/LAB05-refer/LAB05-refer/LAB05-refer.runs/impl_1/runme.log
exit
INFO: [Common 17-206] Exiting Vivado at Wed May 22 12:01:36 2024...
